<?xml version="1.0" encoding="UTF-8"?>
<!-- Generated by org.testng.reporters.JUnitReportReporter -->
<testsuite skipped="0" hostname="SANTOSHTELCO-PC" name="trigger.Execution" tests="2" failures="0" timestamp="31 Aug 2018 11:00:33 GMT" time="46.405" errors="0">
  <testcase name="login" time="4.734" classname="trigger.Execution"/>
  <testcase name="links" time="41.671" classname="trigger.Execution"/>
</testsuite> <!-- trigger.Execution -->
